build/app/outputs/mapping/release/mapping.txt
# compiler: R8
# compiler_version: 1.5.64
# min_api: 16
# pg_map_id: 1abf9be
...
com.google.gson.JsonSerializationContext -> c.c.a.r:
com.google.gson.JsonSerializer -> c.c.a.s:
    com.google.gson.JsonElement serialize(java.lang.Object,java.lang.reflect.Type,com.google.gson.JsonSerializationContext) -> a
com.google.gson.JsonSyntaxException -> c.c.a.t:
com.google.gson.LongSerializationPolicy -> c.c.a.u:
    com.google.gson.LongSerializationPolicy STRING -> b
    com.google.gson.LongSerializationPolicy DEFAULT -> a
    com.google.gson.LongSerializationPolicy[] $VALUES -> c
com.google.gson.LongSerializationPolicy$1 -> c.c.a.u$a:
com.google.gson.LongSerializationPolicy$2 -> c.c.a.u$b:
com.google.gson.TypeAdapter -> c.c.a.v:
    java.lang.Object fromJsonTree(com.google.gson.JsonElement) -> a
    com.google.gson.TypeAdapter nullSafe() -> a
    java.lang.Object read(com.google.gson.stream.JsonReader) -> a
    com.google.gson.JsonElement toJsonTree(java.lang.Object) -> a
    void write(com.google.gson.stream.JsonWriter,java.lang.Object) -> a
com.google.gson.TypeAdapter$1 -> c.c.a.v$a:
    com.google.gson.TypeAdapter this$0 -> a
    java.lang.Object read(com.google.gson.stream.JsonReader) -> a
    void write(com.google.gson.stream.JsonWriter,java.lang.Object) -> a
com.google.gson.TypeAdapterFactory -> c.c.a.w:
    com.google.gson.TypeAdapter create(com.google.gson.Gson,com.google.gson.reflect.TypeToken) -> a
com.google.gson.annotations.Expose -> c.c.a.x.a:
com.google.gson.annotations.JsonAdapter -> c.c.a.x.b:
com.google.gson.annotations.SerializedName -> c.c.a.x.c:
com.google.gson.annotations.Since -> c.c.a.x.d:
com.google.gson.annotations.Until -> c.c.a.x.e:
com.google.gson.internal.$Gson$Preconditions -> c.c.a.y.a:
    void checkArgument(boolean) -> a
    java.lang.Object checkNotNull(java.lang.Object) -> a
com.google.gson.internal.$Gson$Types -> c.c.a.y.b:
    java.lang.reflect.Type[] EMPTY_TYPE_ARRAY -> a
    java.lang.reflect.GenericArrayType arrayOf(java.lang.reflect.Type) -> a
    java.lang.Class declaringClassOf(java.lang.reflect.TypeVariable) -> a
    boolean equal(java.lang.Object,java.lang.Object) -> a
    boolean equals(java.lang.reflect.Type,java.lang.reflect.Type) -> a
    java.lang.reflect.Type getCollectionElementType(java.lang.reflect.Type,java.lang.Class) -> a
    java.lang.reflect.Type getGenericSupertype(java.lang.reflect.Type,java.lang.Class,java.lang.Class) -> a
    int hashCodeOrZero(java.lang.Object) -> a
    int indexOf(java.lang.Object[],java.lang.Object) -> a
    java.lang.reflect.ParameterizedType newParameterizedTypeWithOwner(java.lang.reflect.Type,java.lang.reflect.Type,java.lang.reflect.Type[]) -> a
    java.lang.reflect.Type resolve(java.lang.reflect.Type,java.lang.Class,java.lang.reflect.Type) -> a
    java.lang.reflect.Type resolve(java.lang.reflect.Type,java.lang.Class,java.lang.reflect.Type,java.util.Collection) -> a
    java.lang.reflect.Type resolveTypeVariable(java.lang.reflect.Type,java.lang.Class,java.lang.reflect.TypeVariable) -> a
    java.lang.reflect.Type canonicalize(java.lang.reflect.Type) -> b
    java.lang.reflect.Type[] getMapKeyAndValueTypes(java.lang.reflect.Type,java.lang.Class) -> b
    java.lang.reflect.Type getSupertype(java.lang.reflect.Type,java.lang.Class,java.lang.Class) -> b
com.google.gson.internal.$Gson$Types$GenericArrayTypeImpl -> c.c.a.y.b$a:
    java.lang.reflect.Type componentType -> a
com.google.gson.internal.$Gson$Types$ParameterizedTypeImpl -> c.c.a.y.b$b:
    java.lang.reflect.Type ownerType -> a
    java.lang.reflect.Type rawType -> b
    java.lang.reflect.Type[] typeArguments -> c
com.google.gson.internal.$Gson$Types$WildcardTypeImpl -> c.c.a.y.b$c:
    java.lang.reflect.Type upperBound -> a
    java.lang.reflect.Type lowerBound -> b